<?xml version="1.0" encoding="UTF-8"?>
<!-- Generated by org.testng.reporters.JUnitXMLReporter -->
<testsuite hostname="Admin-PC" name="Default test" tests="6" failures="0" timestamp="27 Apr 2020 14:29:32 GMT" time="7.058" errors="0">
  <testcase name="getAuthenticateWithValidJson" time="0.36" classname="com.json_server.tests.GetAuthenticate"/>
  <testcase name="getAuthenticateWithInValidJson1" time="0.325" classname="com.json_server.tests.GetAuthenticate"/>
  <testcase name="getAuthenticateWithValidJson2" time="0.333" classname="com.json_server.tests.GetAuthenticate"/>
  <testcase name="getAuthenticateWithInValidJson3" time="0.327" classname="com.json_server.tests.GetAuthenticate"/>
  <testcase name="getAuthenticateWithInValidJson4" time="0.28" classname="com.json_server.tests.GetAuthenticate"/>
  <testcase name="getAuthenticateWithInValidJson5" time="0.269" classname="com.json_server.tests.GetAuthenticate"/>
</testsuite> <!-- Default test -->
