<?xml version="1.0" encoding="UTF-8"?>
<!-- Generated by org.testng.reporters.JUnitXMLReporter -->
<testsuite hostname="Admin-PC" name="Test" tests="11" failures="0" timestamp="27 Apr 2020 14:30:02 GMT" time="12.689" errors="0">
  <testcase name="getAuthenticateWithValidJson" time="0.283" classname="com.json_server.tests.GetAuthenticate"/>
  <testcase name="getAuthenticateWithInValidJson1" time="0.153" classname="com.json_server.tests.GetAuthenticate"/>
  <testcase name="getAuthenticateWithValidJson2" time="0.325" classname="com.json_server.tests.GetAuthenticate"/>
  <testcase name="getAuthenticateWithInValidJson3" time="0.82" classname="com.json_server.tests.GetAuthenticate"/>
  <testcase name="getAuthenticateWithInValidJson4" time="0.482" classname="com.json_server.tests.GetAuthenticate"/>
  <testcase name="getAuthenticateWithInValidJson5" time="0.275" classname="com.json_server.tests.GetAuthenticate"/>
  <testcase name="getAllUser" time="1.836" classname="com.json_server.tests.GetUser"/>
  <testcase name="getSingleUserWithValidPhoneNum" time="0.672" classname="com.json_server.tests.GetUser"/>
  <testcase name="getSingleUserWithInValidPhonenum" time="0.482" classname="com.json_server.tests.GetUser"/>
  <testcase name="getSingleUserWithInValidPhonenum1" time="0.253" classname="com.json_server.tests.GetUser"/>
  <testcase name="getSingleUserWithInValidPhonenum2" time="0.663" classname="com.json_server.tests.GetUser"/>
</testsuite> <!-- Test -->
